<?xml version="1.0" encoding="UTF-8"?>
<!-- Generated by org.testng.reporters.JUnitReportReporter -->
<testsuite hostname="Kirankumars-MacBook-Air.local" failures="0" tests="1" name="Assessment_Test.Checkboxes_Test" time="6.762" errors="0" timestamp="2023-06-02T21:34:46 IST" skipped="0">
  <testcase classname="Assessment_Test.Checkboxes_Test" name="checkboxes" time="6.762"/>
  <system-out/>
</testsuite> <!-- Assessment_Test.Checkboxes_Test -->
