<?xml version="1.0" encoding="UTF-8"?>
<!-- Generated by org.testng.reporters.JUnitReportReporter -->
<testsuite hostname="Kirankumars-MacBook-Air.local" failures="0" tests="1" name="Assessment_Test.File_upload" time="7.036" errors="0" timestamp="2023-06-02T19:54:09 IST" skipped="0">
  <testcase classname="Assessment_Test.File_upload" name="testclasee" time="7.036"/>
  <system-out/>
</testsuite> <!-- Assessment_Test.File_upload -->
