<?xml version="1.0" encoding="UTF-8"?>
<!-- Generated by org.testng.reporters.JUnitReportReporter -->
<testsuite hostname="Kirankumars-MacBook-Air.local" failures="0" tests="1" name="Assignment_Test.AddorRemove_Test" time="7.040" errors="0" timestamp="2023-06-03T13:31:42 IST" skipped="0">
  <testcase classname="Assignment_Test.AddorRemove_Test" name="AddorRemoveElement_Test" time="7.040"/>
  <system-out>
    <![CDATA[element  is present:
title is matching:]]>
  </system-out>
</testsuite> <!-- Assignment_Test.AddorRemove_Test -->
