<?xml version="1.0" encoding="UTF-8"?>
<!-- Generated by org.testng.reporters.JUnitReportReporter -->
<testsuite hostname="Kirankumars-MacBook-Air.local" failures="0" tests="1" name="Assignment_Test.DynamicLoding_Test" time="20.807" errors="0" timestamp="2023-06-03T17:13:04 IST" skipped="0">
  <testcase classname="Assignment_Test.DynamicLoding_Test" name="dynamic" time="20.807"/>
  <system-out/>
</testsuite> <!-- Assignment_Test.DynamicLoding_Test -->
