<?xml version="1.0" encoding="UTF-8"?>
<!-- Generated by org.testng.reporters.JUnitReportReporter -->
<testsuite hostname="Kirankumars-MacBook-Air.local" failures="0" tests="1" name="Assessment_Test.AB_Test" time="3.474" errors="0" timestamp="2023-06-02T21:16:48 IST" skipped="0">
  <testcase classname="Assessment_Test.AB_Test" name="launch" time="3.474"/>
  <system-out/>
</testsuite> <!-- Assessment_Test.AB_Test -->
