<?xml version="1.0" encoding="UTF-8"?>
<!-- Generated by org.testng.reporters.JUnitReportReporter -->
<testsuite hostname="Kirankumars-MacBook-Air.local" failures="0" tests="1" name="Assignment_Test.Assignment_MainTest" time="7.643" errors="0" timestamp="2023-06-04T07:56:23 IST" skipped="0">
  <testcase classname="Assignment_Test.Assignment_MainTest" name="test" time="7.643"/>
  <system-out>
    <![CDATA[title is matching:
element  is present:
element  is present:]]>
  </system-out>
</testsuite> <!-- Assignment_Test.Assignment_MainTest -->
