<?xml version="1.0" encoding="UTF-8"?>
<!-- Generated by org.testng.reporters.JUnitReportReporter -->
<testsuite hostname="Kirankumars-MacBook-Air.local" failures="0" tests="1" name="Assignment_Test.File_upload" time="7.454" errors="0" timestamp="2023-06-03T17:18:42 IST" skipped="0">
  <testcase classname="Assignment_Test.File_upload" name="testclasee" time="7.454"/>
  <system-out>
    <![CDATA[element  is present:
title is matching:
element  is present:
element  is present:
element  is present:]]>
  </system-out>
</testsuite> <!-- Assignment_Test.File_upload -->
