<?xml version="1.0" encoding="UTF-8"?>
<!-- Generated by org.testng.reporters.JUnitReportReporter -->
<testsuite hostname="Kirankumars-MacBook-Air.local" failures="0" tests="2" name="Assignment_Test.Assignment_AfterTests" time="62.355" errors="0" timestamp="2023-06-03T18:09:09 IST" skipped="0">
  <testcase classname="Assignment_Test.Assignment_AfterTests" name="test" time="25.069"/>
  <system-out>
    <![CDATA[title is matching:
element  is present:
element  is present:]]>
  </system-out>
  <testcase classname="Assignment_Test.Assignment_AfterTests" name="main" time="37.286"/>
  <system-out/>
</testsuite> <!-- Assignment_Test.Assignment_AfterTests -->
