<?xml version="1.0" encoding="UTF-8"?>
<!-- Generated by org.testng.reporters.JUnitReportReporter -->
<testsuite hostname="Kirankumars-MacBook-Air.local" failures="0" tests="1" name="Assessment_Test.BrokenImageTest" time="3.622" errors="0" timestamp="2023-06-02T20:15:19 IST" skipped="0">
  <testcase classname="Assessment_Test.BrokenImageTest" name="broken" time="3.622"/>
  <system-out>
    <![CDATA[Broken image detected: http://the-internet.herokuapp.com/asdf.jpg
Broken image detected: http://the-internet.herokuapp.com/hjkl.jpg]]>
  </system-out>
</testsuite> <!-- Assessment_Test.BrokenImageTest -->
