<?xml version="1.0" encoding="UTF-8"?>
<!-- Generated by org.testng.reporters.JUnitReportReporter -->
<testsuite hostname="Kirankumars-MacBook-Air.local" failures="0" tests="1" name="Assignment_Test.AB_Test" time="2.809" errors="0" timestamp="2023-06-03T13:18:32 IST" skipped="0">
  <testcase classname="Assignment_Test.AB_Test" name="launch" time="2.809"/>
  <system-out>
    <![CDATA[title is matching:
element  is present:]]>
  </system-out>
</testsuite> <!-- Assignment_Test.AB_Test -->
