<?xml version="1.0" encoding="UTF-8"?>
<!-- Generated by org.testng.reporters.JUnitReportReporter -->
<testsuite hostname="Kirankumars-MacBook-Air.local" failures="0" tests="1" name="Assignment_Test.DragandDrop_Test" time="1.007" errors="0" timestamp="2023-06-03T15:26:03 IST" skipped="0">
  <testcase classname="Assignment_Test.DragandDrop_Test" name="DragandDrop" time="1.007"/>
  <system-out>
    <![CDATA[element  is present:]]>
  </system-out>
</testsuite> <!-- Assignment_Test.DragandDrop_Test -->
