<?xml version="1.0" encoding="UTF-8"?>
<!-- Generated by org.testng.reporters.JUnitReportReporter -->
<testsuite hostname="Kirankumars-MacBook-Air.local" failures="0" tests="1" name="Assignment_Test.BrokenImageTest" time="5.756" errors="0" timestamp="2023-06-03T13:43:02 IST" skipped="0">
  <testcase classname="Assignment_Test.BrokenImageTest" name="broken" time="5.756"/>
  <system-out>
    <![CDATA[title is matching:
Broken image detected: http://the-internet.herokuapp.com/asdf.jpg
Broken image detected: http://the-internet.herokuapp.com/hjkl.jpg]]>
  </system-out>
</testsuite> <!-- Assignment_Test.BrokenImageTest -->
