<?xml version="1.0" encoding="UTF-8"?>
<!-- Generated by org.testng.reporters.JUnitReportReporter -->
<testsuite hostname="Kirankumars-MacBook-Air.local" failures="0" tests="1" name="Assignment_Test.Checkboxes_Test" time="6.907" errors="0" timestamp="2023-06-03T14:29:05 IST" skipped="0">
  <testcase classname="Assignment_Test.Checkboxes_Test" name="checkboxes" time="6.907"/>
  <system-out>
    <![CDATA[title is matching:
element  is present:]]>
  </system-out>
</testsuite> <!-- Assignment_Test.Checkboxes_Test -->
