<?xml version="1.0" encoding="UTF-8"?>
<!-- Generated by org.testng.reporters.JUnitReportReporter -->
<testsuite hostname="Kirankumars-MacBook-Air.local" failures="0" tests="1" name="Assignment_Test.Input_Test" time="0.871" errors="0" timestamp="2023-06-03T15:35:01 IST" skipped="0">
  <testcase classname="Assignment_Test.Input_Test" name="input_test" time="0.871"/>
  <system-out>
    <![CDATA[element  is present:
title is matching:
element  is present:]]>
  </system-out>
</testsuite> <!-- Assignment_Test.Input_Test -->
