<?xml version="1.0" encoding="UTF-8"?>
<!-- Generated by org.testng.reporters.JUnitReportReporter -->
<testsuite hostname="Kirankumars-MacBook-Air.local" failures="0" tests="1" name="Assignment_Test.DropDown_Test" time="1.048" errors="0" timestamp="2023-06-03T16:07:56 IST" skipped="0">
  <testcase classname="Assignment_Test.DropDown_Test" name="dropdown" time="1.048"/>
  <system-out>
    <![CDATA[element  is present:
title is matching:]]>
  </system-out>
</testsuite> <!-- Assignment_Test.DropDown_Test -->
