<?xml version="1.0" encoding="UTF-8"?>
<!-- Generated by org.testng.reporters.JUnitReportReporter -->
<testsuite hostname="Kirankumars-MacBook-Air.local" failures="0" tests="1" name="Assessment_Test.Test1" time="6.172" errors="0" timestamp="2023-06-02T19:31:57 IST" skipped="0">
  <testcase classname="Assessment_Test.Test1" name="launch" time="6.172"/>
  <system-out/>
</testsuite> <!-- Assessment_Test.Test1 -->
